<?xml version="1.0" encoding="UTF-8"?>
<!-- Generated by org.testng.reporters.JUnitReportReporter -->
<testsuite skipped="0" hostname="SUBBAREDDY" name="Tests.CustomerModuleTest" tests="2" failures="0" timestamp="19 Dec 2019 10:06:54 GMT" time="27.604" errors="0">
  <testcase name="loginTest" time="11.190" classname="Tests.CustomerModuleTest"/>
  <testcase name="linksCountTest" time="16.414" classname="Tests.CustomerModuleTest"/>
</testsuite> <!-- Tests.CustomerModuleTest -->
